<?xml version="1.0" encoding="UTF-8"?>
<!-- Generated by org.testng.reporters.JUnitReportReporter -->
<testsuite hostname="DESKTOP-NB4I6K9" failures="0" tests="10" name="Test.loginPageTest" time="91.221" errors="0" timestamp="2025-04-02T13:09:03 IST" skipped="0">
  <testcase classname="Test.loginPageTest" name="loginWithNotRegisteredEmail" time="0.440"/>
  <testcase classname="Test.loginPageTest" name="verifyResendOTP" time="61.770"/>
  <testcase classname="Test.loginPageTest" name="loginwithInvalidOTP" time="2.390"/>
  <testcase classname="Test.loginPageTest" name="verifyAccountBlockOnGetOtpPage" time="0.716"/>
  <testcase classname="Test.loginPageTest" name="verifyEmptyUserEmail" time="0.678"/>
  <testcase classname="Test.loginPageTest" name="loginWithInvalidEmail" time="0.744"/>
  <testcase classname="Test.loginPageTest" name="verifyAccountBlock" time="12.045"/>
  <testcase classname="Test.loginPageTest" name="verifyGoToSignPage" time="2.232"/>
  <testcase classname="Test.loginPageTest" name="loginWithValidCredentialsTest" time="7.589"/>
  <testcase classname="Test.loginPageTest" name="loginWithInvalidCredentialsTest" time="2.617"/>
</testsuite> <!-- Test.loginPageTest -->
