<?xml version="1.0" encoding="UTF-8"?>
<!-- Generated by org.testng.reporters.JUnitReportReporter -->
<testsuite hostname="DESKTOP-NB4I6K9" failures="0" tests="2" name="Test.homePageTest" time="0.665" errors="0" timestamp="2025-05-19T17:14:27 IST" skipped="0">
  <testcase classname="Test.homePageTest" name="verifyHomePageLoads" time="0.026"/>
  <testcase classname="Test.homePageTest" name="goToProfilePage" time="0.639"/>
</testsuite> <!-- Test.homePageTest -->
