<?xml version="1.0" encoding="UTF-8"?>
<!-- Generated by org.testng.reporters.JUnitReportReporter -->
<testsuite hostname="DESKTOP-NB4I6K9" failures="0" tests="8" name="Test.loginPageTest" time="28.614" errors="0" timestamp="2025-04-01T13:31:09 IST" skipped="0">
  <testcase classname="Test.loginPageTest" name="verifyAccountBlockOnGetOtpPage" time="0.697"/>
  <testcase classname="Test.loginPageTest" name="loginWithNotRegisteredEmail" time="0.322"/>
  <testcase classname="Test.loginPageTest" name="loginWithInvalidEmail" time="0.746"/>
  <testcase classname="Test.loginPageTest" name="loginwithInvalidOTP" time="2.840"/>
  <testcase classname="Test.loginPageTest" name="verifyGoToSignPage" time="2.225"/>
  <testcase classname="Test.loginPageTest" name="verifyAccountBlock" time="12.235"/>
  <testcase classname="Test.loginPageTest" name="loginWithValidCredentialsTest" time="7.814"/>
  <testcase classname="Test.loginPageTest" name="loginWithInvalidCredentialsTest" time="1.735"/>
</testsuite> <!-- Test.loginPageTest -->
