<?xml version="1.0" encoding="UTF-8"?>
<!-- Generated by org.testng.reporters.JUnitReportReporter -->
<testsuite hostname="DESKTOP-NB4I6K9" failures="0" tests="8" name="Test.loginPageTest" time="29.785" errors="0" timestamp="2025-04-01T13:56:06 IST" skipped="0">
  <testcase classname="Test.loginPageTest" name="verifyGoToSignPage" time="2.250"/>
  <testcase classname="Test.loginPageTest" name="verifyAccountBlockOnGetOtpPage" time="0.706"/>
  <testcase classname="Test.loginPageTest" name="verifyAccountBlock" time="12.153"/>
  <testcase classname="Test.loginPageTest" name="loginWithNotRegisteredEmail" time="0.438"/>
  <testcase classname="Test.loginPageTest" name="loginWithInvalidEmail" time="1.373"/>
  <testcase classname="Test.loginPageTest" name="loginwithInvalidOTP" time="2.935"/>
  <testcase classname="Test.loginPageTest" name="loginWithValidCredentialsTest" time="8.664"/>
  <testcase classname="Test.loginPageTest" name="loginWithInvalidCredentialsTest" time="1.266"/>
</testsuite> <!-- Test.loginPageTest -->
