<?xml version="1.0" encoding="UTF-8"?>
<!-- Generated by org.testng.reporters.JUnitReportReporter -->
<testsuite hostname="DESKTOP-NB4I6K9" failures="0" tests="2" name="Test.profilePageTest" time="1.289" errors="0" timestamp="2025-06-04T15:51:14 IST" skipped="0">
  <testcase classname="Test.profilePageTest" name="verifySuccessfulLogout" time="0.660"/>
  <testcase classname="Test.profilePageTest" name="verifyProfilePageLoad" time="0.629"/>
</testsuite> <!-- Test.profilePageTest -->
