<?xml version="1.0" encoding="UTF-8"?>
<!-- Generated by org.testng.reporters.JUnitReportReporter -->
<testsuite hostname="DESKTOP-NB4I6K9" failures="0" tests="2" name="Test.homePageTest" time="0.762" errors="0" timestamp="2025-05-19T18:05:00 IST" skipped="0">
  <testcase classname="Test.homePageTest" name="verifyHomePageLoads" time="0.038"/>
  <testcase classname="Test.homePageTest" name="goToProfilePage" time="0.724"/>
</testsuite> <!-- Test.homePageTest -->
