<?xml version="1.0" encoding="UTF-8"?>
<!-- Generated by org.testng.reporters.JUnitReportReporter -->
<testsuite hostname="DESKTOP-NB4I6K9" failures="0" tests="2" name="Test.loginPageTest" time="17.742" errors="0" timestamp="2025-03-27T18:24:10 IST" skipped="0">
  <testcase classname="Test.loginPageTest" name="loginWithValidCredentialsTest" time="8.980"/>
  <testcase classname="Test.loginPageTest" name="loginWithInvalidCredentialsTest" time="8.762"/>
</testsuite> <!-- Test.loginPageTest -->
