<?xml version="1.0" encoding="UTF-8"?>
<!-- Generated by org.testng.reporters.JUnitReportReporter -->
<testsuite hostname="DESKTOP-NB4I6K9" failures="0" tests="12" name="Test.loginPageTest" time="91.223" errors="0" timestamp="2025-04-02T17:04:22 IST" skipped="0">
  <testcase classname="Test.loginPageTest" name="verifySameEmailOnOtpPage" time="0.038"/>
  <testcase classname="Test.loginPageTest" name="verifyEmptyUserEmail" time="1.406"/>
  <testcase classname="Test.loginPageTest" name="verifyAccountBlock" time="12.026"/>
  <testcase classname="Test.loginPageTest" name="verifyGoToSignPage" time="2.270"/>
  <testcase classname="Test.loginPageTest" name="loginWithNotRegisteredEmail" time="0.734"/>
  <testcase classname="Test.loginPageTest" name="verifyAdminViewerLoginBlock" time="0.720"/>
  <testcase classname="Test.loginPageTest" name="verifyResendOTP" time="61.748"/>
  <testcase classname="Test.loginPageTest" name="verifyAccountBlockOnGetOtpPage" time="0.704"/>
  <testcase classname="Test.loginPageTest" name="loginWithInvalidEmail" time="0.802"/>
  <testcase classname="Test.loginPageTest" name="loginwithWrongOTP" time="2.501"/>
  <testcase classname="Test.loginPageTest" name="loginWithValidCredentialsTest" time="7.291"/>
  <testcase classname="Test.loginPageTest" name="loginWithInvalidCredentialsTest" time="0.983"/>
</testsuite> <!-- Test.loginPageTest -->
