<?xml version="1.0" encoding="UTF-8"?>
<!-- Generated by org.testng.reporters.JUnitReportReporter -->
<testsuite hostname="DESKTOP-NB4I6K9" failures="0" tests="2" name="Test.profilePageTest" time="2.120" errors="0" timestamp="2025-05-14T13:11:43 IST" skipped="0">
  <testcase classname="Test.profilePageTest" name="verifyProfilePageLoad" time="0.672"/>
  <testcase classname="Test.profilePageTest" name="verifySuccessfulLogout" time="1.448"/>
</testsuite> <!-- Test.profilePageTest -->
