<?xml version="1.0" encoding="UTF-8"?>
<!-- Generated by org.testng.reporters.JUnitReportReporter -->
<testsuite hostname="DESKTOP-NB4I6K9" failures="0" tests="9" name="Test.loginPageTest" time="29.923" errors="0" timestamp="2025-04-01T17:21:16 IST" skipped="0">
  <testcase classname="Test.loginPageTest" name="loginwithInvalidOTP" time="2.951"/>
  <testcase classname="Test.loginPageTest" name="verifyEmptyUserEmail" time="0.676"/>
  <testcase classname="Test.loginPageTest" name="verifyGoToSignPage" time="2.204"/>
  <testcase classname="Test.loginPageTest" name="loginWithInvalidEmail" time="0.721"/>
  <testcase classname="Test.loginPageTest" name="loginWithNotRegisteredEmail" time="0.446"/>
  <testcase classname="Test.loginPageTest" name="verifyAccountBlockOnGetOtpPage" time="0.684"/>
  <testcase classname="Test.loginPageTest" name="verifyAccountBlock" time="12.243"/>
  <testcase classname="Test.loginPageTest" name="loginWithValidCredentialsTest" time="8.049"/>
  <testcase classname="Test.loginPageTest" name="loginWithInvalidCredentialsTest" time="1.949"/>
</testsuite> <!-- Test.loginPageTest -->
