<?xml version="1.0" encoding="UTF-8"?>
<!-- Generated by org.testng.reporters.JUnitReportReporter -->
<testsuite hostname="DESKTOP-NB4I6K9" failures="0" tests="1" name="Test.homePageTest" time="0.051" errors="0" timestamp="2025-03-28T15:19:22 IST" skipped="0">
  <testcase classname="Test.homePageTest" name="verifyHomePageLoads" time="0.051"/>
</testsuite> <!-- Test.homePageTest -->
