<?xml version="1.0" encoding="UTF-8"?>
<!-- Generated by org.testng.reporters.JUnitReportReporter -->
<testsuite hostname="DESKTOP-NB4I6K9" failures="0" tests="2" name="Test.loginPageTest" time="15.232" errors="0" timestamp="2025-03-27T18:12:41 IST" skipped="0">
  <testcase classname="Test.loginPageTest" name="loginWithValidCredentialsTest" time="8.130"/>
  <testcase classname="Test.loginPageTest" name="loginWithInvalidCredentialsTest" time="7.102"/>
</testsuite> <!-- Test.loginPageTest -->
