<?xml version="1.0" encoding="UTF-8"?>
<!-- Generated by org.testng.reporters.JUnitReportReporter -->
<testsuite hostname="DESKTOP-NB4I6K9" failures="0" tests="2" name="Test.loginPageTest" time="14.377" errors="0" timestamp="2025-03-27T13:31:17 IST" skipped="0">
  <testcase classname="Test.loginPageTest" name="loginWithValidCredentialsTest" time="8.733"/>
  <testcase classname="Test.loginPageTest" name="loginWithInvalidCredentialsTest" time="5.644"/>
</testsuite> <!-- Test.loginPageTest -->
