<?xml version="1.0" encoding="UTF-8"?>
<!-- Generated by org.testng.reporters.JUnitReportReporter -->
<testsuite hostname="DESKTOP-NB4I6K9" failures="0" tests="8" name="Test.loginPageTest" time="28.072" errors="0" timestamp="2025-04-01T13:36:35 IST" skipped="0">
  <testcase classname="Test.loginPageTest" name="loginwithInvalidOTP" time="2.440"/>
  <testcase classname="Test.loginPageTest" name="loginWithInvalidEmail" time="0.777"/>
  <testcase classname="Test.loginPageTest" name="verifyGoToSignPage" time="2.219"/>
  <testcase classname="Test.loginPageTest" name="loginWithNotRegisteredEmail" time="0.338"/>
  <testcase classname="Test.loginPageTest" name="verifyAccountBlockOnGetOtpPage" time="0.667"/>
  <testcase classname="Test.loginPageTest" name="verifyAccountBlock" time="12.119"/>
  <testcase classname="Test.loginPageTest" name="loginWithValidCredentialsTest" time="7.514"/>
  <testcase classname="Test.loginPageTest" name="loginWithInvalidCredentialsTest" time="1.998"/>
</testsuite> <!-- Test.loginPageTest -->
