<?xml version="1.0" encoding="UTF-8"?>
<!-- Generated by org.testng.reporters.JUnitReportReporter -->
<testsuite hostname="DESKTOP-NB4I6K9" failures="0" tests="11" name="Test.loginPageTest" time="5.059" errors="0" timestamp="2025-04-02T13:59:40 IST" skipped="9">
  <testcase classname="Test.loginPageTest" name="verifyAdminViewerLoginBlock" time="1.334"/>
  <testcase classname="Test.loginPageTest" name="loginWithInvalidCredentialsTest" time="3.725"/>
  <testcase classname="Test.loginPageTest" name="verifySameEmailOnOtpPage">
    <skipped/>
  </testcase> <!-- verifySameEmailOnOtpPage -->
  <testcase classname="Test.loginPageTest" name="loginWithInvalidEmail">
    <skipped/>
  </testcase> <!-- loginWithInvalidEmail -->
  <testcase classname="Test.loginPageTest" name="loginwithInvalidOTP">
    <skipped/>
  </testcase> <!-- loginwithInvalidOTP -->
  <testcase classname="Test.loginPageTest" name="verifyResendOTP">
    <skipped/>
  </testcase> <!-- verifyResendOTP -->
  <testcase classname="Test.loginPageTest" name="verifyAccountBlockOnGetOtpPage">
    <skipped/>
  </testcase> <!-- verifyAccountBlockOnGetOtpPage -->
  <testcase classname="Test.loginPageTest" name="verifyEmptyUserEmail">
    <skipped/>
  </testcase> <!-- verifyEmptyUserEmail -->
  <testcase classname="Test.loginPageTest" name="loginWithNotRegisteredEmail">
    <skipped/>
  </testcase> <!-- loginWithNotRegisteredEmail -->
  <testcase classname="Test.loginPageTest" name="verifyAccountBlock">
    <skipped/>
  </testcase> <!-- verifyAccountBlock -->
  <testcase classname="Test.loginPageTest" name="verifyGoToSignPage">
    <skipped/>
  </testcase> <!-- verifyGoToSignPage -->
</testsuite> <!-- Test.loginPageTest -->
