<?xml version="1.0" encoding="UTF-8"?>
<!-- Generated by org.testng.reporters.JUnitReportReporter -->
<testsuite hostname="DESKTOP-NB4I6K9" failures="0" tests="13" name="Test.loginPageTest" time="7.907" errors="0" timestamp="2025-05-20T13:58:35 IST" skipped="12">
  <testcase classname="Test.loginPageTest" name="verifyAdminViewerLoginBlock" time="0.001">
    <skipped/>
  </testcase> <!-- verifyAdminViewerLoginBlock -->
  <testcase classname="Test.loginPageTest" name="verifyResendOTP" time="0.000">
    <skipped/>
  </testcase> <!-- verifyResendOTP -->
  <testcase classname="Test.loginPageTest" name="loginWithInvalidEmail" time="0.001">
    <skipped/>
  </testcase> <!-- loginWithInvalidEmail -->
  <testcase classname="Test.loginPageTest" name="verifyAccountBlock" time="0.000">
    <skipped/>
  </testcase> <!-- verifyAccountBlock -->
  <testcase classname="Test.loginPageTest" name="verifyAccountBlockOnGetOtpPage" time="0.000">
    <skipped/>
  </testcase> <!-- verifyAccountBlockOnGetOtpPage -->
  <testcase classname="Test.loginPageTest" name="verifyAccountBlockOnResendOtp" time="0.001">
    <skipped/>
  </testcase> <!-- verifyAccountBlockOnResendOtp -->
  <testcase classname="Test.loginPageTest" name="verifySameEmailOnOtpPage" time="0.000">
    <skipped/>
  </testcase> <!-- verifySameEmailOnOtpPage -->
  <testcase classname="Test.loginPageTest" name="verifyGoToSignPage" time="0.001">
    <skipped/>
  </testcase> <!-- verifyGoToSignPage -->
  <testcase classname="Test.loginPageTest" name="verifyEmptyUserEmail" time="0.001">
    <skipped/>
  </testcase> <!-- verifyEmptyUserEmail -->
  <testcase classname="Test.loginPageTest" name="loginWithNotRegisteredEmail" time="0.000">
    <skipped/>
  </testcase> <!-- loginWithNotRegisteredEmail -->
  <testcase classname="Test.loginPageTest" name="loginwithWrongOTP" time="0.000">
    <skipped/>
  </testcase> <!-- loginwithWrongOTP -->
  <testcase classname="Test.loginPageTest" name="loginWithValidCredentialsTest" time="7.896"/>
  <testcase classname="Test.loginPageTest" name="loginWithInvalidCredentialsTest" time="0.006">
    <skipped/>
  </testcase> <!-- loginWithInvalidCredentialsTest -->
</testsuite> <!-- Test.loginPageTest -->
