<?xml version="1.0" encoding="UTF-8"?>
<!-- Generated by org.testng.reporters.JUnitReportReporter -->
<testsuite hostname="DESKTOP-NB4I6K9" failures="0" tests="1" name="Test.profilePageTest" time="0.356" errors="0" timestamp="2025-05-13T11:04:42 IST" skipped="0">
  <testcase classname="Test.profilePageTest" name="verifyProfilePageLoad" time="0.356"/>
</testsuite> <!-- Test.profilePageTest -->
