<?xml version="1.0" encoding="UTF-8"?>
<!-- Generated by org.testng.reporters.JUnitReportReporter -->
<testsuite hostname="DESKTOP-NB4I6K9" failures="0" tests="13" name="Test.loginPageTest" time="290.456" errors="0" timestamp="2025-04-03T12:41:08 IST" skipped="0">
  <testcase classname="Test.loginPageTest" name="verifyAdminViewerLoginBlock" time="0.713"/>
  <testcase classname="Test.loginPageTest" name="loginWithInvalidEmail" time="1.220"/>
  <testcase classname="Test.loginPageTest" name="verifyAccountBlockOnResendOtp" time="192.405"/>
  <testcase classname="Test.loginPageTest" name="verifyEmptyUserEmail" time="1.138"/>
  <testcase classname="Test.loginPageTest" name="verifySameEmailOnOtpPage" time="0.042"/>
  <testcase classname="Test.loginPageTest" name="verifyAccountBlock" time="12.134"/>
  <testcase classname="Test.loginPageTest" name="verifyResendOTP" time="63.451"/>
  <testcase classname="Test.loginPageTest" name="verifyAccountBlockOnGetOtpPage" time="0.802"/>
  <testcase classname="Test.loginPageTest" name="loginwithWrongOTP" time="2.892"/>
  <testcase classname="Test.loginPageTest" name="loginWithNotRegisteredEmail" time="1.213"/>
  <testcase classname="Test.loginPageTest" name="verifyGoToSignPage" time="2.229"/>
  <testcase classname="Test.loginPageTest" name="loginWithValidCredentialsTest" time="9.092"/>
  <testcase classname="Test.loginPageTest" name="loginWithInvalidCredentialsTest" time="3.125"/>
</testsuite> <!-- Test.loginPageTest -->
