<?xml version="1.0" encoding="UTF-8"?>
<!-- Generated by org.testng.reporters.JUnitReportReporter -->
<testsuite hostname="DESKTOP-NB4I6K9" failures="0" tests="2" name="Test.profilePageTest" time="1.250" errors="0" timestamp="2025-05-19T17:20:38 IST" skipped="0">
  <testcase classname="Test.profilePageTest" name="verifySuccessfulLogout" time="0.642"/>
  <testcase classname="Test.profilePageTest" name="verifyProfilePageLoad" time="0.608"/>
</testsuite> <!-- Test.profilePageTest -->
