<?xml version="1.0" encoding="UTF-8"?>
<!-- Generated by org.testng.reporters.JUnitReportReporter -->
<testsuite hostname="DESKTOP-NB4I6K9" failures="0" tests="1" name="Test.homePageTest" time="0.026" errors="0" timestamp="2025-04-01T13:56:06 IST" skipped="0">
  <testcase classname="Test.homePageTest" name="verifyHomePageLoads" time="0.026"/>
</testsuite> <!-- Test.homePageTest -->
