<?xml version="1.0" encoding="UTF-8"?>
<!-- Generated by org.testng.reporters.JUnitReportReporter -->
<testsuite hostname="DESKTOP-NB4I6K9" failures="0" tests="11" name="Test.loginPageTest" time="92.690" errors="0" timestamp="2025-04-02T13:48:13 IST" skipped="0">
  <testcase classname="Test.loginPageTest" name="loginwithInvalidOTP" time="2.410"/>
  <testcase classname="Test.loginPageTest" name="verifyGoToSignPage" time="2.168"/>
  <testcase classname="Test.loginPageTest" name="loginWithInvalidEmail" time="0.840"/>
  <testcase classname="Test.loginPageTest" name="verifySameEmailOnOtpPage" time="0.069"/>
  <testcase classname="Test.loginPageTest" name="loginWithNotRegisteredEmail" time="0.467"/>
  <testcase classname="Test.loginPageTest" name="verifyResendOTP" time="61.724"/>
  <testcase classname="Test.loginPageTest" name="verifyEmptyUserEmail" time="0.689"/>
  <testcase classname="Test.loginPageTest" name="verifyAccountBlock" time="12.046"/>
  <testcase classname="Test.loginPageTest" name="verifyAccountBlockOnGetOtpPage" time="0.703"/>
  <testcase classname="Test.loginPageTest" name="loginWithValidCredentialsTest" time="9.085"/>
  <testcase classname="Test.loginPageTest" name="loginWithInvalidCredentialsTest" time="2.489"/>
</testsuite> <!-- Test.loginPageTest -->
