<?xml version="1.0" encoding="UTF-8"?>
<!-- Generated by org.testng.reporters.JUnitReportReporter -->
<testsuite hostname="DESKTOP-NB4I6K9" failures="0" tests="2" name="Test.profilePageTest" time="1.299" errors="0" timestamp="2025-06-03T13:52:52 IST" skipped="0">
  <testcase classname="Test.profilePageTest" name="verifySuccessfulLogout" time="0.678"/>
  <testcase classname="Test.profilePageTest" name="verifyProfilePageLoad" time="0.621"/>
</testsuite> <!-- Test.profilePageTest -->
