<?xml version="1.0" encoding="UTF-8"?>
<!-- Generated by org.testng.reporters.JUnitReportReporter -->
<testsuite hostname="DESKTOP-NB4I6K9" failures="0" tests="12" name="Test.loginPageTest" time="95.040" errors="0" timestamp="2025-04-02T16:42:23 IST" skipped="0">
  <testcase classname="Test.loginPageTest" name="loginWithInvalidEmail" time="0.951"/>
  <testcase classname="Test.loginPageTest" name="verifySameEmailOnOtpPage" time="0.045"/>
  <testcase classname="Test.loginPageTest" name="loginwithWrongOTP" time="3.097"/>
  <testcase classname="Test.loginPageTest" name="verifyGoToSignPage" time="2.244"/>
  <testcase classname="Test.loginPageTest" name="verifyResendOTP" time="61.657"/>
  <testcase classname="Test.loginPageTest" name="loginWithNotRegisteredEmail" time="0.687"/>
  <testcase classname="Test.loginPageTest" name="verifyAccountBlock" time="12.134"/>
  <testcase classname="Test.loginPageTest" name="verifyAdminViewerLoginBlock" time="0.733"/>
  <testcase classname="Test.loginPageTest" name="verifyEmptyUserEmail" time="0.856"/>
  <testcase classname="Test.loginPageTest" name="verifyAccountBlockOnGetOtpPage" time="0.722"/>
  <testcase classname="Test.loginPageTest" name="loginWithValidCredentialsTest" time="7.929"/>
  <testcase classname="Test.loginPageTest" name="loginWithInvalidCredentialsTest" time="3.985"/>
</testsuite> <!-- Test.loginPageTest -->
