<?xml version="1.0" encoding="UTF-8"?>
<!-- Generated by org.testng.reporters.JUnitReportReporter -->
<testsuite hostname="DESKTOP-NB4I6K9" failures="0" tests="2" name="Test.loginPageTest" time="15.931" errors="0" timestamp="2025-03-28T15:19:22 IST" skipped="0">
  <testcase classname="Test.loginPageTest" name="loginWithValidCredentialsTest" time="8.925"/>
  <testcase classname="Test.loginPageTest" name="loginWithInvalidCredentialsTest" time="7.006"/>
</testsuite> <!-- Test.loginPageTest -->
