<?xml version="1.0" encoding="UTF-8"?>
<!-- Generated by org.testng.reporters.JUnitReportReporter -->
<testsuite hostname="DESKTOP-NB4I6K9" failures="0" tests="8" name="Test.loginPageTest" time="31.973" errors="0" timestamp="2025-04-01T13:12:05 IST" skipped="0">
  <testcase classname="Test.loginPageTest" name="loginwithInvalidOTP" time="2.456"/>
  <testcase classname="Test.loginPageTest" name="loginWithInvalidEmail" time="3.725"/>
  <testcase classname="Test.loginPageTest" name="verifyGoToSignPage" time="2.180"/>
  <testcase classname="Test.loginPageTest" name="verifyAccountBlockOnGetOtpPage" time="0.717"/>
  <testcase classname="Test.loginPageTest" name="loginWithNotRegisteredEmail" time="0.379"/>
  <testcase classname="Test.loginPageTest" name="verifyAccountBlock" time="12.098"/>
  <testcase classname="Test.loginPageTest" name="loginWithValidCredentialsTest" time="9.277"/>
  <testcase classname="Test.loginPageTest" name="loginWithInvalidCredentialsTest" time="1.141"/>
</testsuite> <!-- Test.loginPageTest -->
