<?xml version="1.0" encoding="UTF-8"?>
<!-- Generated by org.testng.reporters.JUnitReportReporter -->
<testsuite hostname="DESKTOP-NB4I6K9" failures="0" tests="2" name="Test.loginPageTest" time="16.009" errors="0" timestamp="2025-03-27T13:35:23 IST" skipped="0">
  <testcase classname="Test.loginPageTest" name="loginWithValidCredentialsTest" time="7.930"/>
  <testcase classname="Test.loginPageTest" name="loginWithInvalidCredentialsTest" time="8.079"/>
</testsuite> <!-- Test.loginPageTest -->
